#
# There is insufficient memory for the Java Runtime Environment to continue.
# Native memory allocation (malloc) failed to allocate 32744 bytes for ChunkPool::allocate
# Possible reasons:
#   The system is out of physical RAM or swap space
#   The process is running with CompressedOops enabled, and the Java Heap may be blocking the growth of the native heap
# Possible solutions:
#   Reduce memory load on the system
#   Increase physical memory or swap space
#   Check if swap backing store is full
#   Decrease Java heap size (-Xmx/-Xms)
#   Decrease number of Java threads
#   Decrease Java thread stack sizes (-Xss)
#   Set larger code cache with -XX:ReservedCodeCacheSize=
#   JVM is running with Unscaled Compressed Oops mode in which the Java heap is
#     placed in the first 4GB address space. The Java Heap base address is the
#     maximum limit for the native heap growth. Please use -XX:HeapBaseMinAddress
#     to set the Java Heap base and to place the Java Heap above 4GB virtual address.
# This output file may be truncated or incomplete.
#
#  Out of Memory Error (allocation.cpp:272), pid=8680, tid=0x0000000000002d04
#
# JRE version: OpenJDK Runtime Environment (8.0_242-b01) (build 1.8.0_242-release-1644-b01)
# Java VM: OpenJDK 64-Bit Server VM (25.242-b01 mixed mode windows-amd64 compressed oops)
# Failed to write core dump. Minidumps are not enabled by default on client versions of Windows
#

---------------  T H R E A D  ---------------

Current thread (0x00000000172c9800):  JavaThread "C1 CompilerThread2" daemon [_thread_in_native, id=11524, stack(0x0000000018b20000,0x0000000018c20000)]

Stack: [0x0000000018b20000,0x0000000018c20000]
[error occurred during error reporting (printing stack bounds), id 0xc0000005]

Native frames: (J=compiled Java code, j=interpreted, Vv=VM code, C=native code)


Current CompileTask:
C1: 105067 11985       3       org.objectweb.asm.ClassWriter::toByteArray (1360 bytes)


---------------  P R O C E S S  ---------------

Java Threads: ( => current thread )
  0x000000001e922000 JavaThread "Cache worker for execution history cache (E:\EEUU\Android\TaskTimer\.gradle\6.7.1\executionHistory)" [_thread_blocked, id=6448, stack(0x000000002e190000,0x000000002e290000)]
  0x000000001e923000 JavaThread "pool-3-thread-1" [_thread_blocked, id=10060, stack(0x000000001cce0000,0x000000001cde0000)]
  0x000000001e927000 JavaThread "Memory manager" [_thread_blocked, id=10876, stack(0x00000000009a0000,0x0000000000aa0000)]
  0x000000001db0f800 JavaThread "jar transforms Thread 117" [_thread_blocked, id=2216, stack(0x000000002b5b0000,0x000000002b6b0000)]
  0x000000001db0e000 JavaThread "jar transforms Thread 116" [_thread_blocked, id=11532, stack(0x000000002b4b0000,0x000000002b5b0000)]
  0x000000001db0d000 JavaThread "jar transforms Thread 115" [_thread_blocked, id=3116, stack(0x000000002b3b0000,0x000000002b4b0000)]
  0x000000001db13000 JavaThread "jar transforms Thread 114" [_thread_blocked, id=7924, stack(0x000000002b2b0000,0x000000002b3b0000)]
  0x000000001db0e800 JavaThread "jar transforms Thread 113" [_thread_blocked, id=4812, stack(0x000000002b1b0000,0x000000002b2b0000)]
  0x000000001db12800 JavaThread "jar transforms Thread 112" [_thread_blocked, id=10408, stack(0x000000002b0b0000,0x000000002b1b0000)]
  0x000000001db11800 JavaThread "jar transforms Thread 111" [_thread_blocked, id=6828, stack(0x000000002afb0000,0x000000002b0b0000)]
  0x000000001db11000 JavaThread "jar transforms Thread 110" [_thread_blocked, id=11864, stack(0x000000002aeb0000,0x000000002afb0000)]
  0x000000001db10000 JavaThread "jar transforms Thread 109" [_thread_blocked, id=4012, stack(0x000000002adb0000,0x000000002aeb0000)]
  0x000000001db05800 JavaThread "jar transforms Thread 108" [_thread_blocked, id=9152, stack(0x000000002acb0000,0x000000002adb0000)]
  0x000000001db0c800 JavaThread "jar transforms Thread 107" [_thread_blocked, id=9024, stack(0x000000002abb0000,0x000000002acb0000)]
  0x000000001db08800 JavaThread "jar transforms Thread 106" [_thread_blocked, id=4172, stack(0x000000002aab0000,0x000000002abb0000)]
  0x000000001db08000 JavaThread "jar transforms Thread 105" [_thread_blocked, id=9644, stack(0x000000002a9b0000,0x000000002aab0000)]
  0x000000001db07000 JavaThread "jar transforms Thread 104" [_thread_blocked, id=7424, stack(0x000000002a8b0000,0x000000002a9b0000)]
  0x000000001db05000 JavaThread "jar transforms Thread 103" [_thread_blocked, id=7148, stack(0x000000002a7b0000,0x000000002a8b0000)]
  0x000000001db0b800 JavaThread "jar transforms Thread 102" [_thread_blocked, id=11124, stack(0x000000002a6b0000,0x000000002a7b0000)]
  0x000000001db04000 JavaThread "jar transforms Thread 101" [_thread_blocked, id=2412, stack(0x000000002a5b0000,0x000000002a6b0000)]
  0x000000001db06800 JavaThread "jar transforms Thread 100" [_thread_blocked, id=8808, stack(0x000000002a4b0000,0x000000002a5b0000)]
  0x000000001db0b000 JavaThread "jar transforms Thread 99" [_thread_blocked, id=7900, stack(0x000000002a3b0000,0x000000002a4b0000)]
  0x000000001db0a000 JavaThread "jar transforms Thread 98" [_thread_blocked, id=4676, stack(0x000000002a2b0000,0x000000002a3b0000)]
  0x000000001db09800 JavaThread "jar transforms Thread 97" [_thread_blocked, id=7268, stack(0x000000002a1b0000,0x000000002a2b0000)]
  0x000000001abbc000 JavaThread "jar transforms Thread 96" [_thread_blocked, id=10800, stack(0x000000002a0b0000,0x000000002a1b0000)]
  0x000000001abbb000 JavaThread "jar transforms Thread 95" [_thread_blocked, id=11828, stack(0x0000000029fb0000,0x000000002a0b0000)]
  0x000000001abba800 JavaThread "jar transforms Thread 94" [_thread_blocked, id=2804, stack(0x0000000029eb0000,0x0000000029fb0000)]
  0x000000001abb9800 JavaThread "jar transforms Thread 93" [_thread_blocked, id=8788, stack(0x0000000029db0000,0x0000000029eb0000)]
  0x000000001abb9000 JavaThread "jar transforms Thread 92" [_thread_blocked, id=1748, stack(0x0000000029cb0000,0x0000000029db0000)]
  0x000000001abb8000 JavaThread "jar transforms Thread 91" [_thread_blocked, id=9396, stack(0x0000000029bb0000,0x0000000029cb0000)]
  0x000000001abbc800 JavaThread "jar transforms Thread 90" [_thread_blocked, id=6776, stack(0x0000000029ab0000,0x0000000029bb0000)]
  0x000000001abb7800 JavaThread "jar transforms Thread 89" [_thread_blocked, id=888, stack(0x00000000299b0000,0x0000000029ab0000)]
  0x000000001abb0000 JavaThread "jar transforms Thread 88" [_thread_blocked, id=10268, stack(0x00000000298b0000,0x00000000299b0000)]
  0x000000001abb1800 JavaThread "jar transforms Thread 87" [_thread_blocked, id=8816, stack(0x00000000297b0000,0x00000000298b0000)]
  0x000000001abb2000 JavaThread "jar transforms Thread 86" [_thread_blocked, id=8620, stack(0x00000000296b0000,0x00000000297b0000)]
  0x000000001abb6800 JavaThread "jar transforms Thread 85" [_thread_blocked, id=3412, stack(0x00000000295b0000,0x00000000296b0000)]
  0x000000001abaf000 JavaThread "jar transforms Thread 84" [_thread_blocked, id=10820, stack(0x00000000294b0000,0x00000000295b0000)]
  0x000000001abb0800 JavaThread "jar transforms Thread 83" [_thread_blocked, id=6500, stack(0x00000000293b0000,0x00000000294b0000)]
  0x000000001abb6000 JavaThread "jar transforms Thread 82" [_thread_blocked, id=10288, stack(0x00000000292b0000,0x00000000293b0000)]
  0x000000001abae800 JavaThread "jar transforms Thread 81" [_thread_blocked, id=10096, stack(0x00000000291b0000,0x00000000292b0000)]
  0x000000001abb5000 JavaThread "jar transforms Thread 80" [_thread_blocked, id=8080, stack(0x00000000290b0000,0x00000000291b0000)]
  0x000000001abb4800 JavaThread "jar transforms Thread 79" [_thread_blocked, id=648, stack(0x0000000028fb0000,0x00000000290b0000)]
  0x000000001abad800 JavaThread "jar transforms Thread 78" [_thread_blocked, id=6880, stack(0x0000000028eb0000,0x0000000028fb0000)]
  0x000000001abb3800 JavaThread "jar transforms Thread 77" [_thread_blocked, id=9812, stack(0x0000000028db0000,0x0000000028eb0000)]
  0x000000001abb3000 JavaThread "jar transforms Thread 76" [_thread_blocked, id=11940, stack(0x0000000028cb0000,0x0000000028db0000)]
  0x000000001b97f800 JavaThread "jar transforms Thread 75" [_thread_blocked, id=10896, stack(0x0000000028bb0000,0x0000000028cb0000)]
  0x000000001b97c800 JavaThread "jar transforms Thread 74" [_thread_blocked, id=9248, stack(0x0000000028ab0000,0x0000000028bb0000)]
  0x000000001b97e800 JavaThread "jar transforms Thread 73" [_thread_blocked, id=4632, stack(0x00000000289b0000,0x0000000028ab0000)]
  0x000000001b97b800 JavaThread "jar transforms Thread 72" [_thread_blocked, id=11020, stack(0x00000000288b0000,0x00000000289b0000)]
  0x000000001b97b000 JavaThread "jar transforms Thread 71" [_thread_blocked, id=11868, stack(0x00000000287b0000,0x00000000288b0000)]
  0x000000001b97e000 JavaThread "jar transforms Thread 70" [_thread_blocked, id=11840, stack(0x00000000286b0000,0x00000000287b0000)]
  0x000000001b980000 JavaThread "jar transforms Thread 69" [_thread_blocked, id=5852, stack(0x00000000285b0000,0x00000000286b0000)]
  0x000000001b981000 JavaThread "jar transforms Thread 68" [_thread_blocked, id=11552, stack(0x00000000284b0000,0x00000000285b0000)]
  0x000000001b97d000 JavaThread "jar transforms Thread 67" [_thread_blocked, id=9148, stack(0x00000000283b0000,0x00000000284b0000)]
  0x000000001b973800 JavaThread "jar transforms Thread 66" [_thread_blocked, id=7364, stack(0x00000000282b0000,0x00000000283b0000)]
  0x000000001b97a000 JavaThread "jar transforms Thread 65" [_thread_blocked, id=1028, stack(0x00000000281b0000,0x00000000282b0000)]
  0x000000001b972800 JavaThread "jar transforms Thread 64" [_thread_blocked, id=5320, stack(0x00000000280b0000,0x00000000281b0000)]
  0x000000001b979800 JavaThread "jar transforms Thread 63" [_thread_blocked, id=4056, stack(0x0000000027fb0000,0x00000000280b0000)]
  0x000000001b977000 JavaThread "jar transforms Thread 62" [_thread_blocked, id=5964, stack(0x0000000027eb0000,0x0000000027fb0000)]
  0x000000001b978800 JavaThread "jar transforms Thread 61" [_thread_blocked, id=11700, stack(0x0000000027db0000,0x0000000027eb0000)]
  0x000000001b975800 JavaThread "jar transforms Thread 60" [_thread_blocked, id=11444, stack(0x0000000027cb0000,0x0000000027db0000)]
  0x000000001b972000 JavaThread "jar transforms Thread 59" [_thread_blocked, id=228, stack(0x0000000027bb0000,0x0000000027cb0000)]
  0x000000001b974000 JavaThread "jar transforms Thread 58" [_thread_blocked, id=7868, stack(0x0000000027ab0000,0x0000000027bb0000)]
  0x000000001b975000 JavaThread "jar transforms Thread 57" [_thread_blocked, id=8656, stack(0x00000000279b0000,0x0000000027ab0000)]
  0x000000001b978000 JavaThread "jar transforms Thread 56" [_thread_blocked, id=7312, stack(0x00000000278b0000,0x00000000279b0000)]
  0x000000001b976800 JavaThread "jar transforms Thread 55" [_thread_blocked, id=6648, stack(0x00000000277b0000,0x00000000278b0000)]
  0x000000001f44c000 JavaThread "jar transforms Thread 54" [_thread_blocked, id=11948, stack(0x00000000276b0000,0x00000000277b0000)]
  0x000000001f44b800 JavaThread "jar transforms Thread 53" [_thread_blocked, id=8676, stack(0x00000000275b0000,0x00000000276b0000)]
  0x000000001f44a800 JavaThread "jar transforms Thread 52" [_thread_blocked, id=8148, stack(0x00000000274b0000,0x00000000275b0000)]
  0x000000001f44a000 JavaThread "jar transforms Thread 51" [_thread_blocked, id=1596, stack(0x00000000273b0000,0x00000000274b0000)]
  0x000000001f448800 JavaThread "jar transforms Thread 50" [_thread_blocked, id=8244, stack(0x00000000272b0000,0x00000000273b0000)]
  0x000000001f449000 JavaThread "jar transforms Thread 49" [_thread_blocked, id=2032, stack(0x00000000271b0000,0x00000000272b0000)]
  0x000000001f441000 JavaThread "jar transforms Thread 48" [_thread_blocked, id=11768, stack(0x00000000270b0000,0x00000000271b0000)]
  0x000000001f445800 JavaThread "jar transforms Thread 47" [_thread_blocked, id=11516, stack(0x0000000026fb0000,0x00000000270b0000)]
  0x000000001f447000 JavaThread "jar transforms Thread 46" [_thread_blocked, id=5824, stack(0x0000000026eb0000,0x0000000026fb0000)]
  0x000000001f442800 JavaThread "jar transforms Thread 45" [_thread_blocked, id=7968, stack(0x0000000026db0000,0x0000000026eb0000)]
  0x000000001f447800 JavaThread "jar transforms Thread 44" [_thread_blocked, id=10008, stack(0x0000000026cb0000,0x0000000026db0000)]
  0x000000001f446000 JavaThread "jar transforms Thread 43" [_thread_blocked, id=5976, stack(0x0000000026bb0000,0x0000000026cb0000)]
  0x000000001f444000 JavaThread "jar transforms Thread 42" [_thread_blocked, id=8692, stack(0x0000000026ab0000,0x0000000026bb0000)]
  0x000000001f43e800 JavaThread "jar transforms Thread 41" [_thread_blocked, id=11048, stack(0x00000000269b0000,0x0000000026ab0000)]
  0x000000001f441800 JavaThread "jar transforms Thread 40" [_thread_blocked, id=6268, stack(0x00000000268b0000,0x00000000269b0000)]
  0x000000001f444800 JavaThread "jar transforms Thread 39" [_thread_blocked, id=9948, stack(0x00000000267b0000,0x00000000268b0000)]
  0x000000001f440000 JavaThread "jar transforms Thread 38" [_thread_blocked, id=3304, stack(0x00000000266b0000,0x00000000267b0000)]
  0x000000001f43e000 JavaThread "jar transforms Thread 37" [_thread_blocked, id=2532, stack(0x00000000265b0000,0x00000000266b0000)]
  0x000000001f43d000 JavaThread "jar transforms Thread 36" [_thread_blocked, id=9332, stack(0x00000000264b0000,0x00000000265b0000)]
  0x000000001f443000 JavaThread "jar transforms Thread 35" [_thread_blocked, id=1100, stack(0x00000000263b0000,0x00000000264b0000)]
  0x000000001d966800 JavaThread "jar transforms Thread 34" [_thread_blocked, id=3980, stack(0x00000000262b0000,0x00000000263b0000)]
  0x000000001d966000 JavaThread "jar transforms Thread 33" [_thread_blocked, id=5744, stack(0x00000000261b0000,0x00000000262b0000)]
  0x000000001d965000 JavaThread "jar transforms Thread 32" [_thread_blocked, id=8980, stack(0x00000000260b0000,0x00000000261b0000)]
  0x000000001d963800 JavaThread "jar transforms Thread 31" [_thread_blocked, id=9760, stack(0x0000000025eb0000,0x0000000025fb0000)]
  0x000000001d962800 JavaThread "jar transforms Thread 30" [_thread_blocked, id=9596, stack(0x0000000025db0000,0x0000000025eb0000)]
  0x000000001d964000 JavaThread "jar transforms Thread 29" [_thread_blocked, id=8996, stack(0x0000000025cb0000,0x0000000025db0000)]
  0x000000001d962000 JavaThread "jar transforms Thread 28" [_thread_blocked, id=7576, stack(0x0000000025bb0000,0x0000000025cb0000)]
  0x000000001d967800 JavaThread "jar transforms Thread 27" [_thread_blocked, id=2040, stack(0x0000000025ab0000,0x0000000025bb0000)]
  0x000000001d95a800 JavaThread "jar transforms Thread 26" [_thread_blocked, id=5856, stack(0x00000000259b0000,0x0000000025ab0000)]
  0x000000001d961000 JavaThread "jar transforms Thread 25" [_thread_blocked, id=2376, stack(0x00000000258b0000,0x00000000259b0000)]
  0x000000001d959800 JavaThread "jar transforms Thread 24" [_thread_blocked, id=7992, stack(0x00000000257b0000,0x00000000258b0000)]
  0x000000001d960800 JavaThread "jar transforms Thread 23" [_thread_blocked, id=7476, stack(0x00000000256b0000,0x00000000257b0000)]
  0x000000001d95f800 JavaThread "jar transforms Thread 22" [_thread_blocked, id=3184, stack(0x00000000255b0000,0x00000000256b0000)]
  0x000000001d958000 JavaThread "Build operations Thread 4" [_thread_in_native, id=6248, stack(0x00000000252b0000,0x00000000253b0000)]
  0x000000001d959000 JavaThread "Build operations Thread 3" [_thread_in_Java, id=2940, stack(0x00000000251b0000,0x00000000252b0000)]
  0x000000001d95f000 JavaThread "Build operations Thread 2" [_thread_in_vm, id=10544, stack(0x00000000250b0000,0x00000000251b0000)]
  0x000000001d95b000 JavaThread "Build operations" [_thread_in_native, id=9960, stack(0x0000000024fb0000,0x00000000250b0000)]
  0x000000001d95c800 JavaThread "Cache worker for Build Output Cleanup Cache (E:\EEUU\Android\TaskTimer\.gradle\buildOutputCleanup)" [_thread_blocked, id=2348, stack(0x0000000023600000,0x0000000023700000)]
  0x000000001d95d800 JavaThread "Cache worker for file content cache (C:\Users\sebas\.gradle\caches\6.7.1\fileContent)" [_thread_blocked, id=8040, stack(0x0000000022f00000,0x0000000023000000)]
  0x000000001a1e0000 JavaThread "Cache worker for execution history cache (C:\Users\sebas\.gradle\caches\6.7.1\executionHistory)" [_thread_blocked, id=9756, stack(0x0000000022600000,0x0000000022700000)]
  0x000000001a1df800 JavaThread "Cache worker for cache directory md-rule (C:\Users\sebas\.gradle\caches\6.7.1\md-rule)" [_thread_blocked, id=10332, stack(0x0000000022300000,0x0000000022400000)]
  0x000000001a1d8000 JavaThread "Cache worker for cache directory md-supplier (C:\Users\sebas\.gradle\caches\6.7.1\md-supplier)" [_thread_blocked, id=8936, stack(0x0000000022200000,0x0000000022300000)]
  0x000000001a1db000 JavaThread "Cache worker for checksums cache (E:\EEUU\Android\TaskTimer\.gradle\checksums)" [_thread_blocked, id=10728, stack(0x0000000022100000,0x0000000022200000)]
  0x000000001a1de800 JavaThread "jar transforms Thread 21" [_thread_blocked, id=2008, stack(0x0000000021e00000,0x0000000021f00000)]
  0x000000001a1dc800 JavaThread "jar transforms Thread 20" [_thread_blocked, id=10188, stack(0x0000000021d00000,0x0000000021e00000)]
  0x000000001a1d9800 JavaThread "jar transforms Thread 19" [_thread_blocked, id=7840, stack(0x0000000021c00000,0x0000000021d00000)]
  0x000000001a1de000 JavaThread "jar transforms Thread 18" [_thread_blocked, id=11372, stack(0x0000000021b00000,0x0000000021c00000)]
  0x000000001a1db800 JavaThread "jar transforms Thread 17" [_thread_blocked, id=8768, stack(0x0000000021a00000,0x0000000021b00000)]
  0x000000001a1da000 JavaThread "jar transforms Thread 16" [_thread_blocked, id=1076, stack(0x0000000021900000,0x0000000021a00000)]
  0x000000001a1d6800 JavaThread "jar transforms Thread 15" [_thread_blocked, id=2988, stack(0x0000000021800000,0x0000000021900000)]
  0x000000001a1dd000 JavaThread "jar transforms Thread 14" [_thread_blocked, id=2820, stack(0x0000000021700000,0x0000000021800000)]
  0x000000001a1d8800 JavaThread "jar transforms Thread 13" [_thread_blocked, id=3264, stack(0x0000000021600000,0x0000000021700000)]
  0x000000001a1d3800 JavaThread "jar transforms Thread 12" [_thread_blocked, id=9116, stack(0x0000000021500000,0x0000000021600000)]
  0x000000001a1d7000 JavaThread "jar transforms Thread 11" [_thread_blocked, id=9124, stack(0x0000000021400000,0x0000000021500000)]
  0x000000001a1d5800 JavaThread "jar transforms Thread 10" [_thread_blocked, id=12236, stack(0x0000000021300000,0x0000000021400000)]
  0x000000001a1d5000 JavaThread "jar transforms Thread 9" [_thread_blocked, id=4160, stack(0x0000000021200000,0x0000000021300000)]
  0x000000001a1d4000 JavaThread "jar transforms Thread 8" [_thread_blocked, id=8152, stack(0x0000000021100000,0x0000000021200000)]
  0x000000001a9e1000 JavaThread "jar transforms Thread 7" [_thread_blocked, id=10336, stack(0x0000000021000000,0x0000000021100000)]
  0x000000001a9e0800 JavaThread "jar transforms Thread 6" [_thread_blocked, id=2572, stack(0x0000000020f00000,0x0000000021000000)]
  0x000000001a9df800 JavaThread "jar transforms Thread 5" [_thread_blocked, id=8612, stack(0x0000000020e00000,0x0000000020f00000)]
  0x000000001a9dd800 JavaThread "jar transforms Thread 4" [_thread_blocked, id=3440, stack(0x000000001f9a0000,0x000000001faa0000)]
  0x000000001a9df000 JavaThread "jar transforms Thread 3" [_thread_blocked, id=2944, stack(0x000000001f8a0000,0x000000001f9a0000)]
  0x000000001a9e3000 JavaThread "jar transforms Thread 2" [_thread_blocked, id=10504, stack(0x000000001f7a0000,0x000000001f8a0000)]
  0x000000001a9e2000 JavaThread "jar transforms" [_thread_blocked, id=10172, stack(0x000000001f6a0000,0x000000001f7a0000)]
  0x000000001a9dc800 JavaThread "Cache worker for file hash cache (E:\EEUU\Android\TaskTimer\.gradle\6.7.1\fileHashes)" [_thread_blocked, id=10056, stack(0x0000000020d00000,0x0000000020e00000)]
  0x000000001a9dc000 JavaThread "Cache worker for journal cache (C:\Users\sebas\.gradle\caches\journal-1)" [_thread_blocked, id=6340, stack(0x000000001d2e0000,0x000000001d3e0000)]
  0x000000001a9de000 JavaThread "File lock request listener" [_thread_in_native, id=2932, stack(0x000000001d400000,0x000000001d500000)]
  0x000000001b313800 JavaThread "Cache worker for file hash cache (C:\Users\sebas\.gradle\caches\6.7.1\fileHashes)" [_thread_blocked, id=11884, stack(0x000000001d0e0000,0x000000001d1e0000)]
  0x0000000019794000 JavaThread "Thread-9" [_thread_blocked, id=1800, stack(0x000000001cde0000,0x000000001cee0000)]
  0x00000000197ea000 JavaThread "Asynchronous log dispatcher for DefaultDaemonConnection: socket connection from /127.0.0.1:54048 to /127.0.0.1:54049" [_thread_blocked, id=7808, stack(0x000000001cbe0000,0x000000001cce0000)]
  0x0000000019bef000 JavaThread "Daemon worker" [_thread_blocked, id=10196, stack(0x000000001cae0000,0x000000001cbe0000)]
  0x0000000018d03800 JavaThread "Cancel handler" [_thread_blocked, id=8616, stack(0x000000001c9e0000,0x000000001cae0000)]
  0x00000000197c8800 JavaThread "Handler for socket connection from /127.0.0.1:54048 to /127.0.0.1:54049" [_thread_in_native, id=9308, stack(0x000000001c8e0000,0x000000001c9e0000)]
  0x000000001951b800 JavaThread "Daemon" [_thread_blocked, id=9100, stack(0x000000001c7e0000,0x000000001c8e0000)]
  0x00000000197b5000 JavaThread "Daemon periodic checks" [_thread_blocked, id=6968, stack(0x000000001c4e0000,0x000000001c5e0000)]
  0x00000000197b4000 JavaThread "Incoming local TCP Connector on port 54048" [_thread_in_native, id=8324, stack(0x000000001c270000,0x000000001c370000)]
  0x000000001b229800 JavaThread "Daemon health stats" [_thread_blocked, id=9364, stack(0x000000001bc30000,0x000000001bd30000)]
  0x0000000018c58800 JavaThread "Service Thread" daemon [_thread_blocked, id=2104, stack(0x0000000019020000,0x0000000019120000)]
=>0x00000000172c9800 JavaThread "C1 CompilerThread2" daemon [_thread_in_native, id=11524, stack(0x0000000018b20000,0x0000000018c20000)]
  0x00000000172bc000 JavaThread "C2 CompilerThread1" daemon [_thread_in_native, id=12192, stack(0x0000000018a20000,0x0000000018b20000)]
  0x00000000172b8000 JavaThread "C2 CompilerThread0" daemon [_thread_in_native, id=3128, stack(0x0000000018920000,0x0000000018a20000)]
  0x00000000172b4000 JavaThread "Attach Listener" daemon [_thread_blocked, id=10496, stack(0x0000000018820000,0x0000000018920000)]
  0x00000000172b2800 JavaThread "Signal Dispatcher" daemon [_thread_blocked, id=9220, stack(0x0000000018720000,0x0000000018820000)]
  0x000000000268c800 JavaThread "Finalizer" daemon [_thread_blocked, id=10908, stack(0x0000000018500000,0x0000000018600000)]
  0x0000000017299000 JavaThread "Reference Handler" daemon [_thread_blocked, id=10664, stack(0x0000000018400000,0x0000000018500000)]
  0x0000000002592800 JavaThread "main" [_thread_blocked, id=5016, stack(0x0000000002460000,0x0000000002560000)]

Other Threads:
  0x0000000017277000 VMThread [stack: 0x0000000018300000,0x0000000018400000] [id=1460]
  0x000000001730d000 WatcherThread [stack: 0x0000000019120000,0x0000000019220000] [id=236]

VM state:not at safepoint (normal execution)

VM Mutex/Monitor currently owned by a thread: None

OutOfMemory and StackOverflow Exception counts:
OutOfMemoryError java_heap_errors=1

heap address: 0x0000000080000000, size: 2048 MB, Compressed Oops mode: 32-bit
Narrow klass base: 0x0000000000000000, Narrow klass shift: 3
Compressed class space size: 1073741824 Address: 0x0000000100000000

Heap:
 PSYoungGen      total 511488K, used 45069K [0x00000000d5580000, 0x00000000f7800000, 0x0000000100000000)
  eden space 478720K, 2% used [0x00000000d5580000,0x00000000d61861f8,0x00000000f2900000)
  from space 32768K, 99% used [0x00000000f2900000,0x00000000f48fd328,0x00000000f4900000)
  to   space 23040K, 0% used [0x00000000f4900000,0x00000000f4900000,0x00000000f5f80000)
 ParOldGen       total 155136K, used 50882K [0x0000000080000000, 0x0000000089780000, 0x00000000d5580000)
  object space 155136K, 32% used [0x0000000080000000,0x00000000831b0880,0x0000000089780000)
 Metaspace       used 86444K, capacity 90296K, committed 90624K, reserved 1128448K
  class space    used 11427K, capacity 12179K, committed 12288K, reserved 1048576K

Card table byte_map: [0x0000000011a50000,0x0000000011e60000] byte_map_base: 0x0000000011650000

Marking Bits: (ParMarkBitMap*) 0x000000005117f030
 Begin Bits: [0x0000000012510000, 0x0000000014510000)
 End Bits:   [0x0000000014510000, 0x0000000016510000)

Polling page: 0x0000000000bc0000

CodeCache: size=245760Kb used=32272Kb max_used=32272Kb free=213487Kb
 bounds [0x0000000002690000, 0x0000000004650000, 0x0000000011690000]
 total_blobs=10714 nmethods=9839 adapters=787
 compilation: enabled

Compilation events (10 events):
Event: 104.979 Thread 0x00000000172c9800 nmethod 11979 0x00000000034c4790 code [0x00000000034c4900, 0x00000000034c4aa8]
Event: 104.983 Thread 0x00000000172c9800 11981       2       com.google.common.collect.ImmutableCollection$Builder::expandedCapacity (45 bytes)
Event: 104.983 Thread 0x00000000172c9800 nmethod 11981 0x000000000463f510 code [0x000000000463f680, 0x000000000463f8b8]
Event: 104.984 Thread 0x00000000172c9800 11982       3       org.objectweb.asm.AnnotationWriter::putAnnotations (110 bytes)
Event: 104.985 Thread 0x00000000172c9800 nmethod 11982 0x000000000463f9d0 code [0x000000000463fba0, 0x0000000004640068]
Event: 104.985 Thread 0x00000000172c9800 11983       2       com.android.ide.common.symbols.Symbol$StyleableSymbol::getResourceType (4 bytes)
Event: 104.985 Thread 0x00000000172c9800 nmethod 11983 0x0000000004640350 code [0x00000000046404a0, 0x00000000046405f0]
Event: 104.992 Thread 0x00000000172c9800 11984       2       com.google.common.collect.RegularImmutableMap::fromEntryArray (201 bytes)
Event: 104.993 Thread 0x00000000172c9800 nmethod 11984 0x0000000004640690 code [0x00000000046408e0, 0x00000000046411e8]
Event: 105.057 Thread 0x00000000172c9800 11985       3       org.objectweb.asm.ClassWriter::toByteArray (1360 bytes)

GC Heap History (10 events):
Event: 77.451 GC heap before
{Heap before GC invocations=18 (full 2):
 PSYoungGen      total 393728K, used 387935K [0x00000000d5580000, 0x00000000f2500000, 0x0000000100000000)
  eden space 374272K, 100% used [0x00000000d5580000,0x00000000ec300000,0x00000000ec300000)
  from space 19456K, 70% used [0x00000000ec300000,0x00000000ed057fc0,0x00000000ed600000)
  to   space 19968K, 0% used [0x00000000f1180000,0x00000000f1180000,0x00000000f2500000)
 ParOldGen       total 105984K, used 21874K [0x0000000080000000, 0x0000000086780000, 0x00000000d5580000)
  object space 105984K, 20% used [0x0000000080000000,0x000000008155c978,0x0000000086780000)
 Metaspace       used 50418K, capacity 52396K, committed 52480K, reserved 1095680K
  class space    used 6486K, capacity 6853K, committed 6912K, reserved 1048576K
Event: 77.463 GC heap after
Heap after GC invocations=18 (full 2):
 PSYoungGen      total 454144K, used 12929K [0x00000000d5580000, 0x00000000f2800000, 0x0000000100000000)
  eden space 434176K, 0% used [0x00000000d5580000,0x00000000d5580000,0x00000000efd80000)
  from space 19968K, 64% used [0x00000000f1180000,0x00000000f1e20698,0x00000000f2500000)
  to   space 20480K, 0% used [0x00000000efd80000,0x00000000efd80000,0x00000000f1180000)
 ParOldGen       total 105984K, used 21882K [0x0000000080000000, 0x0000000086780000, 0x00000000d5580000)
  object space 105984K, 20% used [0x0000000080000000,0x000000008155e978,0x0000000086780000)
 Metaspace       used 50418K, capacity 52396K, committed 52480K, reserved 1095680K
  class space    used 6486K, capacity 6853K, committed 6912K, reserved 1048576K
}
Event: 79.893 GC heap before
{Heap before GC invocations=19 (full 2):
 PSYoungGen      total 454144K, used 390508K [0x00000000d5580000, 0x00000000f2800000, 0x0000000100000000)
  eden space 434176K, 86% used [0x00000000d5580000,0x00000000ec63ad10,0x00000000efd80000)
  from space 19968K, 64% used [0x00000000f1180000,0x00000000f1e20698,0x00000000f2500000)
  to   space 20480K, 0% used [0x00000000efd80000,0x00000000efd80000,0x00000000f1180000)
 ParOldGen       total 105984K, used 21882K [0x0000000080000000, 0x0000000086780000, 0x00000000d5580000)
  object space 105984K, 20% used [0x0000000080000000,0x000000008155e978,0x0000000086780000)
 Metaspace       used 56628K, capacity 59040K, committed 59160K, reserved 1101824K
  class space    used 7259K, capacity 7733K, committed 7808K, reserved 1048576K
Event: 79.913 GC heap after
Heap after GC invocations=19 (full 2):
 PSYoungGen      total 454656K, used 20477K [0x00000000d5580000, 0x00000000f5f80000, 0x0000000100000000)
  eden space 434176K, 0% used [0x00000000d5580000,0x00000000d5580000,0x00000000efd80000)
  from space 20480K, 99% used [0x00000000efd80000,0x00000000f117f7b0,0x00000000f1180000)
  to   space 23040K, 0% used [0x00000000f4900000,0x00000000f4900000,0x00000000f5f80000)
 ParOldGen       total 105984K, used 22084K [0x0000000080000000, 0x0000000086780000, 0x00000000d5580000)
  object space 105984K, 20% used [0x0000000080000000,0x0000000081591170,0x0000000086780000)
 Metaspace       used 56628K, capacity 59040K, committed 59160K, reserved 1101824K
  class space    used 7259K, capacity 7733K, committed 7808K, reserved 1048576K
}
Event: 79.913 GC heap before
{Heap before GC invocations=20 (full 3):
 PSYoungGen      total 454656K, used 20477K [0x00000000d5580000, 0x00000000f5f80000, 0x0000000100000000)
  eden space 434176K, 0% used [0x00000000d5580000,0x00000000d5580000,0x00000000efd80000)
  from space 20480K, 99% used [0x00000000efd80000,0x00000000f117f7b0,0x00000000f1180000)
  to   space 23040K, 0% used [0x00000000f4900000,0x00000000f4900000,0x00000000f5f80000)
 ParOldGen       total 105984K, used 22084K [0x0000000080000000, 0x0000000086780000, 0x00000000d5580000)
  object space 105984K, 20% used [0x0000000080000000,0x0000000081591170,0x0000000086780000)
 Metaspace       used 56628K, capacity 59040K, committed 59160K, reserved 1101824K
  class space    used 7259K, capacity 7733K, committed 7808K, reserved 1048576K
Event: 80.107 GC heap after
Heap after GC invocations=20 (full 3):
 PSYoungGen      total 454656K, used 0K [0x00000000d5580000, 0x00000000f5f80000, 0x0000000100000000)
  eden space 434176K, 0% used [0x00000000d5580000,0x00000000d5580000,0x00000000efd80000)
  from space 20480K, 0% used [0x00000000efd80000,0x00000000efd80000,0x00000000f1180000)
  to   space 23040K, 0% used [0x00000000f4900000,0x00000000f4900000,0x00000000f5f80000)
 ParOldGen       total 155136K, used 32665K [0x0000000080000000, 0x0000000089780000, 0x00000000d5580000)
  object space 155136K, 21% used [0x0000000080000000,0x0000000081fe6780,0x0000000089780000)
 Metaspace       used 56514K, capacity 58814K, committed 59160K, reserved 1101824K
  class space    used 7225K, capacity 7689K, committed 7808K, reserved 1048576K
}
Event: 101.028 GC heap before
{Heap before GC invocations=21 (full 3):
 PSYoungGen      total 454656K, used 434176K [0x00000000d5580000, 0x00000000f5f80000, 0x0000000100000000)
  eden space 434176K, 100% used [0x00000000d5580000,0x00000000efd80000,0x00000000efd80000)
  from space 20480K, 0% used [0x00000000efd80000,0x00000000efd80000,0x00000000f1180000)
  to   space 23040K, 0% used [0x00000000f4900000,0x00000000f4900000,0x00000000f5f80000)
 ParOldGen       total 155136K, used 32665K [0x0000000080000000, 0x0000000089780000, 0x00000000d5580000)
  object space 155136K, 21% used [0x0000000080000000,0x0000000081fe6780,0x0000000089780000)
 Metaspace       used 82061K, capacity 85326K, committed 85632K, reserved 1124352K
  class space    used 10898K, capacity 11569K, committed 11648K, reserved 1048576K
Event: 101.081 GC heap after
Heap after GC invocations=21 (full 3):
 PSYoungGen      total 501760K, used 23020K [0x00000000d5580000, 0x00000000f7800000, 0x0000000100000000)
  eden space 478720K, 0% used [0x00000000d5580000,0x00000000d5580000,0x00000000f2900000)
  from space 23040K, 99% used [0x00000000f4900000,0x00000000f5f7b3b8,0x00000000f5f80000)
  to   space 32768K, 0% used [0x00000000f2900000,0x00000000f2900000,0x00000000f4900000)
 ParOldGen       total 155136K, used 49229K [0x0000000080000000, 0x0000000089780000, 0x00000000d5580000)
  object space 155136K, 31% used [0x0000000080000000,0x0000000083013448,0x0000000089780000)
 Metaspace       used 82061K, capacity 85326K, committed 85632K, reserved 1124352K
  class space    used 10898K, capacity 11569K, committed 11648K, reserved 1048576K
}
Event: 104.994 GC heap before
{Heap before GC invocations=22 (full 3):
 PSYoungGen      total 501760K, used 501740K [0x00000000d5580000, 0x00000000f7800000, 0x0000000100000000)
  eden space 478720K, 100% used [0x00000000d5580000,0x00000000f2900000,0x00000000f2900000)
  from space 23040K, 99% used [0x00000000f4900000,0x00000000f5f7b3b8,0x00000000f5f80000)
  to   space 32768K, 0% used [0x00000000f2900000,0x00000000f2900000,0x00000000f4900000)
 ParOldGen       total 155136K, used 49229K [0x0000000080000000, 0x0000000089780000, 0x00000000d5580000)
  object space 155136K, 31% used [0x0000000080000000,0x0000000083013448,0x0000000089780000)
 Metaspace       used 86443K, capacity 90296K, committed 90624K, reserved 1128448K
  class space    used 11427K, capacity 12179K, committed 12288K, reserved 1048576K
Event: 105.055 GC heap after
Heap after GC invocations=22 (full 3):
 PSYoungGen      total 511488K, used 32756K [0x00000000d5580000, 0x00000000f7800000, 0x0000000100000000)
  eden space 478720K, 0% used [0x00000000d5580000,0x00000000d5580000,0x00000000f2900000)
  from space 32768K, 99% used [0x00000000f2900000,0x00000000f48fd328,0x00000000f4900000)
  to   space 23040K, 0% used [0x00000000f4900000,0x00000000f4900000,0x00000000f5f80000)
 ParOldGen       total 155136K, used 50882K [0x0000000080000000, 0x0000000089780000, 0x00000000d5580000)
  object space 155136K, 32% used [0x0000000080000000,0x00000000831b0880,0x0000000089780000)
 Metaspace       used 86443K, capacity 90296K, committed 90624K, reserved 1128448K
  class space    used 11427K, capacity 12179K, committed 12288K, reserved 1048576K
}

Deoptimization events (10 events):
Event: 104.245 Thread 0x000000001d95b000 Uncommon trap: reason=bimorphic action=maybe_recompile pc=0x00000000031de734 method=java.io.FilterInputStream.read([BII)I @ 7
Event: 104.245 Thread 0x000000001d95b000 Uncommon trap: reason=bimorphic action=maybe_recompile pc=0x00000000031de734 method=java.io.FilterInputStream.read([BII)I @ 7
Event: 104.245 Thread 0x000000001d95b000 Uncommon trap: reason=unstable_if action=reinterpret pc=0x0000000003c76148 method=java.util.zip.ZipUtils.javaToDosTime(J)J @ 22
Event: 104.245 Thread 0x000000001d95b000 Uncommon trap: reason=bimorphic action=maybe_recompile pc=0x00000000031de734 method=java.io.FilterInputStream.read([BII)I @ 7
Event: 104.245 Thread 0x000000001d95b000 Uncommon trap: reason=bimorphic action=maybe_recompile pc=0x00000000031ca800 method=java.io.FilterInputStream.read([BII)I @ 7
Event: 104.246 Thread 0x000000001d95b000 Uncommon trap: reason=unstable_if action=reinterpret pc=0x0000000003146580 method=java.nio.Buffer.limit(I)Ljava/nio/Buffer; @ 33
Event: 104.255 Thread 0x000000001d95b000 Uncommon trap: reason=unstable_if action=reinterpret pc=0x00000000036935e4 method=java.io.BufferedOutputStream.write(I)V @ 9
Event: 104.322 Thread 0x000000001d959000 Uncommon trap: reason=unstable_if action=reinterpret pc=0x0000000003a59f9c method=org.objectweb.asm.ByteVector.putUTF8(Ljava/lang/String;)Lorg/objectweb/asm/ByteVector; @ 100
Event: 104.417 Thread 0x000000001d958000 Uncommon trap: reason=unstable_if action=reinterpret pc=0x0000000004633ba4 method=com.android.tools.build.jetifier.processor.AndroidXRefScanner$AndroidXTrackingRemapper.map(Ljava/lang/String;)Ljava/lang/String; @ 15
Event: 104.425 Thread 0x000000001d958000 Uncommon trap: reason=unstable_if action=reinterpret pc=0x0000000003d2568c method=java.lang.String.regionMatches(ZILjava/lang/String;II)Z @ 25

Classes redefined (0 events):
No events

Internal exceptions (10 events):
Event: 104.690 Thread 0x000000001d958000 Exception <a 'sun/nio/fs/WindowsException'> (0x00000000ecaf2140) thrown at [C:\src\AOSP-openjdk-git\hotspot\src\share\vm\prims\jni.cpp, line 710]
Event: 104.708 Thread 0x000000001d958000 Exception <a 'sun/nio/fs/WindowsException'> (0x00000000ecb127f8) thrown at [C:\src\AOSP-openjdk-git\hotspot\src\share\vm\prims\jni.cpp, line 710]
Event: 104.770 Thread 0x000000001d958000 Exception <a 'sun/nio/fs/WindowsException'> (0x00000000eecc5b58) thrown at [C:\src\AOSP-openjdk-git\hotspot\src\share\vm\prims\jni.cpp, line 710]
Event: 104.780 Thread 0x000000001d95b000 Exception <a 'sun/nio/fs/WindowsException'> (0x00000000ebe66238) thrown at [C:\src\AOSP-openjdk-git\hotspot\src\share\vm\prims\jni.cpp, line 710]
Event: 104.786 Thread 0x000000001d95f000 Exception <a 'sun/nio/fs/WindowsException'> (0x00000000ed0e7738) thrown at [C:\src\AOSP-openjdk-git\hotspot\src\share\vm\prims\jni.cpp, line 710]
Event: 104.814 Thread 0x000000001d958000 Exception <a 'sun/nio/fs/WindowsException'> (0x00000000ef1084c8) thrown at [C:\src\AOSP-openjdk-git\hotspot\src\share\vm\prims\jni.cpp, line 710]
Event: 104.880 Thread 0x000000001d958000 Exception <a 'sun/nio/fs/WindowsException'> (0x00000000f08e8b70) thrown at [C:\src\AOSP-openjdk-git\hotspot\src\share\vm\prims\jni.cpp, line 710]
Event: 104.916 Thread 0x000000001d958000 Exception <a 'sun/nio/fs/WindowsException'> (0x00000000f0909520) thrown at [C:\src\AOSP-openjdk-git\hotspot\src\share\vm\prims\jni.cpp, line 710]
Event: 104.924 Thread 0x000000001d95b000 Exception <a 'sun/nio/fs/WindowsException'> (0x00000000f078ba40) thrown at [C:\src\AOSP-openjdk-git\hotspot\src\share\vm\prims\jni.cpp, line 710]
Event: 104.973 Thread 0x000000001d95f000 Exception <a 'sun/nio/fs/WindowsException'> (0x00000000efeb95d0) thrown at [C:\src\AOSP-openjdk-git\hotspot\src\share\vm\prims\jni.cpp, line 710]

Events (10 events):
Event: 104.882 Thread 0x000000001d959000 DEOPT PACKING pc=0x0000000002c4685d sp=0x00000000252aba10
Event: 104.882 Thread 0x000000001d959000 DEOPT UNPACKING pc=0x00000000026d75d0 sp=0x00000000252ab720 mode 0
Event: 104.887 Executing VM operation: RevokeBias
Event: 104.887 Executing VM operation: RevokeBias done
Event: 104.908 Executing VM operation: RevokeBias
Event: 104.908 Executing VM operation: RevokeBias done
Event: 104.994 Executing VM operation: ParallelGCFailedAllocation
Event: 105.055 Executing VM operation: ParallelGCFailedAllocation done
Event: 105.057 Thread 0x000000001d95f000 DEOPT PACKING pc=0x00000000029e9068 sp=0x00000000251ab750
Event: 105.057 Thread 0x000000001d95f000 DEOPT UNPACKING pc=0x00000000026d75d0 sp=0x00000000251ab568 mode 0


Dynamic libraries:
0x00007ff7b5460000 - 0x00007ff7b5491000 	C:\Program Files\Android\Android Studio\jre\bin\java.exe
0x00007fff405f0000 - 0x00007fff407e6000 	C:\WINDOWS\SYSTEM32\ntdll.dll
0x00007fff404c0000 - 0x00007fff4057d000 	C:\WINDOWS\System32\KERNEL32.DLL
0x00007fff3df70000 - 0x00007fff3e238000 	C:\WINDOWS\System32\KERNELBASE.dll
0x00007fff3b3e0000 - 0x00007fff3b470000 	C:\WINDOWS\SYSTEM32\apphelp.dll
0x00007fff3f790000 - 0x00007fff3f83c000 	C:\WINDOWS\System32\ADVAPI32.dll
0x00007fff40420000 - 0x00007fff404be000 	C:\WINDOWS\System32\msvcrt.dll
0x00007fff3e650000 - 0x00007fff3e6eb000 	C:\WINDOWS\System32\sechost.dll
0x00007fff3fa80000 - 0x00007fff3fba4000 	C:\WINDOWS\System32\RPCRT4.dll
0x00007fff3f520000 - 0x00007fff3f6c0000 	C:\WINDOWS\System32\USER32.dll
0x00007fff3dd30000 - 0x00007fff3dd52000 	C:\WINDOWS\System32\win32u.dll
0x00007fff3eed0000 - 0x00007fff3eefa000 	C:\WINDOWS\System32\GDI32.dll
0x00007fff3e540000 - 0x00007fff3e649000 	C:\WINDOWS\System32\gdi32full.dll
0x00007fff3e4a0000 - 0x00007fff3e53d000 	C:\WINDOWS\System32\msvcp_win.dll
0x00007fff3de40000 - 0x00007fff3df40000 	C:\WINDOWS\System32\ucrtbase.dll
0x00007fff2a1d0000 - 0x00007fff2a46b000 	C:\WINDOWS\WinSxS\amd64_microsoft.windows.common-controls_6595b64144ccf1df_6.0.19041.488_none_ca04af081b815d21\COMCTL32.dll
0x00007fff40580000 - 0x00007fff405b0000 	C:\WINDOWS\System32\IMM32.DLL
0x0000000051200000 - 0x00000000512d2000 	C:\Program Files\Android\Android Studio\jre\jre\bin\msvcr100.dll
0x00000000509b0000 - 0x00000000511fb000 	C:\Program Files\Android\Android Studio\jre\jre\bin\server\jvm.dll
0x00007fff3f260000 - 0x00007fff3f268000 	C:\WINDOWS\System32\PSAPI.DLL
0x00007fff2e940000 - 0x00007fff2e967000 	C:\WINDOWS\SYSTEM32\WINMM.dll
0x00007fff35000000 - 0x00007fff3500a000 	C:\WINDOWS\SYSTEM32\VERSION.dll
0x00007fff29210000 - 0x00007fff29219000 	C:\WINDOWS\SYSTEM32\WSOCK32.dll
0x00007fff3f360000 - 0x00007fff3f3cb000 	C:\WINDOWS\System32\WS2_32.dll
0x00007fff37220000 - 0x00007fff3722f000 	C:\Program Files\Android\Android Studio\jre\jre\bin\verify.dll
0x00007fff36a20000 - 0x00007fff36a49000 	C:\Program Files\Android\Android Studio\jre\jre\bin\java.dll
0x00007fff292e0000 - 0x00007fff292f6000 	C:\Program Files\Android\Android Studio\jre\jre\bin\zip.dll
0x00007fff3e770000 - 0x00007fff3eeb1000 	C:\WINDOWS\System32\SHELL32.dll
0x00007fff3bc50000 - 0x00007fff3c3e5000 	C:\WINDOWS\SYSTEM32\windows.storage.dll
0x00007fff3ef00000 - 0x00007fff3f255000 	C:\WINDOWS\System32\combase.dll
0x00007fff3d7a0000 - 0x00007fff3d7cc000 	C:\WINDOWS\SYSTEM32\Wldp.dll
0x00007fff3f8b0000 - 0x00007fff3f95e000 	C:\WINDOWS\System32\SHCORE.dll
0x00007fff3f270000 - 0x00007fff3f2c5000 	C:\WINDOWS\System32\shlwapi.dll
0x00007fff3dc60000 - 0x00007fff3dc86000 	C:\WINDOWS\SYSTEM32\profapi.dll
0x00007fff292c0000 - 0x00007fff292da000 	C:\Program Files\Android\Android Studio\jre\jre\bin\net.dll
0x00007fff3d520000 - 0x00007fff3d58a000 	C:\WINDOWS\system32\mswsock.dll
0x00007fff292a0000 - 0x00007fff292b3000 	C:\Program Files\Android\Android Studio\jre\jre\bin\nio.dll
0x00007fff28580000 - 0x00007fff285a6000 	C:\Users\sebas\.gradle\native\fdc75f09e3144964f2cf3f50f0aa648679c211496f362492102eb8c894070792\windows-amd64\native-platform.dll
0x00007fff04a90000 - 0x00007fff04c21000 	C:\Users\sebas\.gradle\native\12488b8bf47d2d4c9fbf2f6322a914ad602e24e48041cd04a747c6da556b65c4\windows-amd64\native-platform-file-events.dll
0x00007fff370e0000 - 0x00007fff370ed000 	C:\Program Files\Android\Android Studio\jre\jre\bin\management.dll
0x00007fff3d6f0000 - 0x00007fff3d708000 	C:\WINDOWS\SYSTEM32\CRYPTSP.dll
0x00007fff3ce40000 - 0x00007fff3ce74000 	C:\WINDOWS\system32\rsaenh.dll
0x00007fff3df40000 - 0x00007fff3df67000 	C:\WINDOWS\System32\bcrypt.dll
0x00007fff3dbe0000 - 0x00007fff3dc0e000 	C:\WINDOWS\SYSTEM32\USERENV.dll
0x00007fff3dd60000 - 0x00007fff3dddf000 	C:\WINDOWS\System32\bcryptprimitives.dll
0x00007fff3d710000 - 0x00007fff3d71c000 	C:\WINDOWS\SYSTEM32\CRYPTBASE.dll
0x00007fff3d1c0000 - 0x00007fff3d1fb000 	C:\WINDOWS\SYSTEM32\IPHLPAPI.DLL
0x00007fff3eec0000 - 0x00007fff3eec8000 	C:\WINDOWS\System32\NSI.dll
0x00007fff32b40000 - 0x00007fff32b57000 	C:\WINDOWS\SYSTEM32\dhcpcsvc6.DLL
0x00007fff32b20000 - 0x00007fff32b3d000 	C:\WINDOWS\SYSTEM32\dhcpcsvc.DLL
0x00007fff3d200000 - 0x00007fff3d2cb000 	C:\WINDOWS\SYSTEM32\DNSAPI.dll
0x00007fff35070000 - 0x00007fff3507b000 	C:\WINDOWS\SYSTEM32\WINNSI.DLL
0x00007fff0c290000 - 0x00007fff0c2b4000 	C:\Program Files\Android\Android Studio\jre\jre\bin\sunec.dll
0x00007fff35580000 - 0x00007fff3558a000 	C:\Windows\System32\rasadhlp.dll
0x00007fff2cd30000 - 0x00007fff2cdaf000 	C:\WINDOWS\System32\fwpuclnt.dll
0x00007fff39a50000 - 0x00007fff39a5b000 	C:\Program Files\Android\Android Studio\jre\jre\bin\sunmscapi.dll
0x00007fff3e340000 - 0x00007fff3e49d000 	C:\WINDOWS\System32\CRYPT32.dll
0x00007fff3ca70000 - 0x00007fff3caa3000 	C:\WINDOWS\SYSTEM32\ntmarta.dll

VM Arguments:
jvm_args: -Xmx2048m -Dfile.encoding=UTF-8 -Duser.country=CO -Duser.language=es -Duser.variant 
java_command: org.gradle.launcher.daemon.bootstrap.GradleDaemon 6.7.1
java_class_path (initial): C:\Users\sebas\.gradle\wrapper\dists\gradle-6.7.1-bin\bwlcbys1h7rz3272sye1xwiv6\gradle-6.7.1\lib\gradle-launcher-6.7.1.jar
Launcher Type: SUN_STANDARD

Environment Variables:
PATH=C:\Python27\;C:\Python27\Scripts;C:\Program Files (x86)\Common Files\Oracle\Java\javapath;C:\oraclexe\app\oracle\product\11.2.0\server\bin;C:\ProgramData\Oracle\Java\javapath;C:\Program Files (x86)\Intel\iCLS Client\;C:\Program Files\Intel\iCLS Client\;C:\Windows\system32;C:\Windows;C:\Windows\System32\Wbem;C:\Windows\System32\WindowsPowerShell\v1.0\;C:\Program Files (x86)\NVIDIA Corporation\PhysX\Common;C:\Program Files (x86)\Intel\Intel(R) Management Engine Components\DAL;C:\Program Files\Intel\Intel(R) Management Engine Components\DAL;C:\Program Files (x86)\Intel\Intel(R) Management Engine Components\IPT;C:\Program Files\Intel\Intel(R) Management Engine Components\IPT;C:\WINDOWS\system32;C:\WINDOWS;C:\WINDOWS\System32\Wbem;C:\WINDOWS\System32\WindowsPowerShell\v1.0\;C:\Program Files (x86)\GtkSharp\2.12\bin;C:\Program Files\MySQL\MySQL Utilities 1.6\;C:\Program Files\Git\cmd;C:\WINDOWS\System32\OpenSSH\;C:\Program Files (x86)\Statgraphics\STATGRAPHICS Centurion XVI.II\;C:\Program Files\nodejs\;C:\ProgramData\chocolatey\bin;C:\Program Files\dotnet\;C:\Program Files\Microsoft SQL Server\130\Tools\Binn\;C:\Program Files\Microsoft SQL Server\Client SDK\ODBC\170\Tools\Binn\;C:\Users\sebas\AppData\Local\Android\Sdk\platform-tools;C:\Users\sebas\.dotnet\tools
USERNAME=sebas
OS=Windows_NT
PROCESSOR_IDENTIFIER=Intel64 Family 6 Model 142 Stepping 9, GenuineIntel



---------------  S Y S T E M  ---------------

OS: Windows 10.0 , 64 bit Build 19041 (10.0.19041.546)

CPU:total 4 (initial active 4) (2 cores per cpu, 2 threads per core) family 6 model 142 stepping 9, cmov, cx8, fxsr, mmx, sse, sse2, sse3, ssse3, sse4.1, sse4.2, popcnt, avx, avx2, aes, clmul, erms, 3dnowpref, lzcnt, ht, tsc, tscinvbit, bmi1, bmi2, adx

Memory: 4k page, physical 10629348k(1289960k free), swap 10629348k(1700k free)

vm_info: OpenJDK 64-Bit Server VM (25.242-b01) for windows-amd64 JRE (1.8.0_242-release-1644-b01), built by "builder" with MS VC++ 10.0 (VS2010)

time: Tue Dec 15 22:33:07 2020
timezone: Hora estándar del Este
elapsed time: 105 seconds (0d 0h 1m 45s)

